<?xml version="1.0" encoding="UTF-8"?>
<!-- Generated by org.testng.reporters.JUnitReportReporter -->
<testsuite hostname="Anmolsingh" name="biocept.qa.testcases.TestConfig" tests="25" failures="0" timestamp="29 Jul 2019 08:04:50 GMT" time="406.230" errors="0">
  <testcase name="BRAFResultingUpdateResult" time="7.269" classname="biocept.qa.testcases.TestConfig"/>
  <testcase name="NRASResultingActivityTitle" time="37.136" classname="biocept.qa.testcases.TestConfig"/>
  <testcase name="BRAFReportSignoff" time="18.223" classname="biocept.qa.testcases.TestConfig"/>
  <testcase name="UploadMacroFile" time="4.061" classname="biocept.qa.testcases.TestConfig"/>
  <testcase name="KRASSequencingActivityTitle" time="8.589" classname="biocept.qa.testcases.TestConfig"/>
  <testcase name="KRASResultingUpdateResult" time="6.676" classname="biocept.qa.testcases.TestConfig"/>
  <testcase name="NGS_PIActivityTitle" time="8.491" classname="biocept.qa.testcases.TestConfig"/>
  <testcase name="BRAFResultingActivityTitle" time="8.655" classname="biocept.qa.testcases.TestConfig"/>
  <testcase name="NRASReportSignoff" time="16.857" classname="biocept.qa.testcases.TestConfig"/>
  <testcase name="NRASPIActivityResult" time="6.975" classname="biocept.qa.testcases.TestConfig"/>
  <testcase name="PlaceNewOrderForMolecular" time="64.965" classname="biocept.qa.testcases.TestConfig"/>
  <testcase name="UploadNGSFile" time="19.720" classname="biocept.qa.testcases.TestConfig"/>
  <testcase name="KRASResultingActivityTitle" time="7.457" classname="biocept.qa.testcases.TestConfig"/>
  <testcase name="KRASReportSignoff" time="20.114" classname="biocept.qa.testcases.TestConfig"/>
  <testcase name="UploadSequenceImagesForKRAS" time="59.907" classname="biocept.qa.testcases.TestConfig"/>
  <testcase name="KRASSequencingActivityResult" time="4.380" classname="biocept.qa.testcases.TestConfig"/>
  <testcase name="KRASPIActivityResult" time="5.834" classname="biocept.qa.testcases.TestConfig"/>
  <testcase name="NRASResultingUpdateResult" time="4.596" classname="biocept.qa.testcases.TestConfig"/>
  <testcase name="BRAFPIActivityResult" time="6.687" classname="biocept.qa.testcases.TestConfig"/>
  <testcase name="UploadSequenceImagesForBRAF" time="52.768" classname="biocept.qa.testcases.TestConfig"/>
  <testcase name="BRAFSequencingActivityResult" time="4.078" classname="biocept.qa.testcases.TestConfig"/>
  <testcase name="BRAFPIActivityTitle" time="7.512" classname="biocept.qa.testcases.TestConfig"/>
  <testcase name="NRASPIActivityTitle" time="7.973" classname="biocept.qa.testcases.TestConfig"/>
  <testcase name="BRAFSequencingActivityTitle" time="10.037" classname="biocept.qa.testcases.TestConfig"/>
  <testcase name="KRASPIActivityTitle" time="7.270" classname="biocept.qa.testcases.TestConfig"/>
</testsuite> <!-- biocept.qa.testcases.TestConfig -->
